[0.154s] Invoking command in '/home/anne/ros2_ws/build/auv_docking_bringup': CMAKE_PREFIX_PATH=${CMAKE_PREFIX_PATH}:/home/anne/ros2_ws/install/auv_docking:/opt/ros/humble /usr/bin/cmake --build /home/anne/ros2_ws/build/auv_docking_bringup -- -j8 -l8
[0.177s] Invoked command in '/home/anne/ros2_ws/build/auv_docking_bringup' returned '0': CMAKE_PREFIX_PATH=${CMAKE_PREFIX_PATH}:/home/anne/ros2_ws/install/auv_docking:/opt/ros/humble /usr/bin/cmake --build /home/anne/ros2_ws/build/auv_docking_bringup -- -j8 -l8
[0.197s] Invoking command in '/home/anne/ros2_ws/build/auv_docking_bringup': CMAKE_PREFIX_PATH=${CMAKE_PREFIX_PATH}:/home/anne/ros2_ws/install/auv_docking:/opt/ros/humble /usr/bin/cmake --install /home/anne/ros2_ws/build/auv_docking_bringup
[0.202s] -- Install configuration: ""
[0.202s] -- Up-to-date: /home/anne/ros2_ws/install/auv_docking_bringup/share/ament_index/resource_index/package_run_dependencies/auv_docking_bringup
[0.202s] -- Up-to-date: /home/anne/ros2_ws/install/auv_docking_bringup/share/ament_index/resource_index/parent_prefix_path/auv_docking_bringup
[0.202s] -- Up-to-date: /home/anne/ros2_ws/install/auv_docking_bringup/share/auv_docking_bringup/environment/ament_prefix_path.sh
[0.202s] -- Up-to-date: /home/anne/ros2_ws/install/auv_docking_bringup/share/auv_docking_bringup/environment/ament_prefix_path.dsv
[0.202s] -- Up-to-date: /home/anne/ros2_ws/install/auv_docking_bringup/share/auv_docking_bringup/environment/path.sh
[0.202s] -- Up-to-date: /home/anne/ros2_ws/install/auv_docking_bringup/share/auv_docking_bringup/environment/path.dsv
[0.202s] -- Up-to-date: /home/anne/ros2_ws/install/auv_docking_bringup/share/auv_docking_bringup/local_setup.bash
[0.202s] -- Up-to-date: /home/anne/ros2_ws/install/auv_docking_bringup/share/auv_docking_bringup/local_setup.sh
[0.202s] -- Up-to-date: /home/anne/ros2_ws/install/auv_docking_bringup/share/auv_docking_bringup/local_setup.zsh
[0.202s] -- Up-to-date: /home/anne/ros2_ws/install/auv_docking_bringup/share/auv_docking_bringup/local_setup.dsv
[0.202s] -- Up-to-date: /home/anne/ros2_ws/install/auv_docking_bringup/share/auv_docking_bringup/package.dsv
[0.202s] -- Up-to-date: /home/anne/ros2_ws/install/auv_docking_bringup/share/ament_index/resource_index/packages/auv_docking_bringup
[0.202s] -- Up-to-date: /home/anne/ros2_ws/install/auv_docking_bringup/share/auv_docking_bringup/cmake/auv_docking_bringupConfig.cmake
[0.202s] -- Up-to-date: /home/anne/ros2_ws/install/auv_docking_bringup/share/auv_docking_bringup/cmake/auv_docking_bringupConfig-version.cmake
[0.202s] -- Up-to-date: /home/anne/ros2_ws/install/auv_docking_bringup/share/auv_docking_bringup/package.xml
[0.203s] Invoked command in '/home/anne/ros2_ws/build/auv_docking_bringup' returned '0': CMAKE_PREFIX_PATH=${CMAKE_PREFIX_PATH}:/home/anne/ros2_ws/install/auv_docking:/opt/ros/humble /usr/bin/cmake --install /home/anne/ros2_ws/build/auv_docking_bringup
