[0.007s] Invoking command in '/home/anne/ros2_ws/build/auv_docking_bringup': CMAKE_PREFIX_PATH=${CMAKE_PREFIX_PATH}:/home/anne/ros2_ws/install/auv_docking:/opt/ros/humble /usr/bin/cmake --build /home/anne/ros2_ws/build/auv_docking_bringup -- -j8 -l8
[0.021s] -- Found ament_cmake: 1.3.9 (/opt/ros/humble/share/ament_cmake/cmake)
[0.099s] -- Found ament_lint_auto: 0.12.11 (/opt/ros/humble/share/ament_lint_auto/cmake)
[0.146s] -- Added test 'flake8' to check Python code syntax and style conventions
[0.146s] -- Added test 'lint_cmake' to check CMake code style
[0.146s] -- Added test 'pep257' to check Python code against some of the docstring style conventions in PEP 257
[0.146s] -- Added test 'xmllint' to check XML markup files
[0.147s] -- Configuring done
[0.148s] -- Generating done
[0.149s] -- Build files have been written to: /home/anne/ros2_ws/build/auv_docking_bringup
[0.163s] Invoked command in '/home/anne/ros2_ws/build/auv_docking_bringup' returned '0': CMAKE_PREFIX_PATH=${CMAKE_PREFIX_PATH}:/home/anne/ros2_ws/install/auv_docking:/opt/ros/humble /usr/bin/cmake --build /home/anne/ros2_ws/build/auv_docking_bringup -- -j8 -l8
[0.190s] Invoking command in '/home/anne/ros2_ws/build/auv_docking_bringup': CMAKE_PREFIX_PATH=${CMAKE_PREFIX_PATH}:/home/anne/ros2_ws/install/auv_docking:/opt/ros/humble /usr/bin/cmake --install /home/anne/ros2_ws/build/auv_docking_bringup
[0.198s] -- Install configuration: ""
[0.198s] -- Installing: /home/anne/ros2_ws/install/auv_docking_bringup/share/ament_index/resource_index/package_run_dependencies/auv_docking_bringup
[0.198s] -- Installing: /home/anne/ros2_ws/install/auv_docking_bringup/share/ament_index/resource_index/parent_prefix_path/auv_docking_bringup
[0.198s] -- Up-to-date: /home/anne/ros2_ws/install/auv_docking_bringup/share/auv_docking_bringup/environment/ament_prefix_path.sh
[0.198s] -- Installing: /home/anne/ros2_ws/install/auv_docking_bringup/share/auv_docking_bringup/environment/ament_prefix_path.dsv
[0.198s] -- Up-to-date: /home/anne/ros2_ws/install/auv_docking_bringup/share/auv_docking_bringup/environment/path.sh
[0.199s] -- Installing: /home/anne/ros2_ws/install/auv_docking_bringup/share/auv_docking_bringup/environment/path.dsv
[0.199s] -- Up-to-date: /home/anne/ros2_ws/install/auv_docking_bringup/share/auv_docking_bringup/local_setup.bash
[0.199s] -- Up-to-date: /home/anne/ros2_ws/install/auv_docking_bringup/share/auv_docking_bringup/local_setup.sh
[0.199s] -- Up-to-date: /home/anne/ros2_ws/install/auv_docking_bringup/share/auv_docking_bringup/local_setup.zsh
[0.199s] -- Installing: /home/anne/ros2_ws/install/auv_docking_bringup/share/auv_docking_bringup/local_setup.dsv
[0.199s] -- Installing: /home/anne/ros2_ws/install/auv_docking_bringup/share/auv_docking_bringup/package.dsv
[0.199s] -- Up-to-date: /home/anne/ros2_ws/install/auv_docking_bringup/share/ament_index/resource_index/packages/auv_docking_bringup
[0.199s] -- Up-to-date: /home/anne/ros2_ws/install/auv_docking_bringup/share/auv_docking_bringup/cmake/auv_docking_bringupConfig.cmake
[0.199s] -- Up-to-date: /home/anne/ros2_ws/install/auv_docking_bringup/share/auv_docking_bringup/cmake/auv_docking_bringupConfig-version.cmake
[0.199s] -- Installing: /home/anne/ros2_ws/install/auv_docking_bringup/share/auv_docking_bringup/package.xml
[0.201s] Invoked command in '/home/anne/ros2_ws/build/auv_docking_bringup' returned '0': CMAKE_PREFIX_PATH=${CMAKE_PREFIX_PATH}:/home/anne/ros2_ws/install/auv_docking:/opt/ros/humble /usr/bin/cmake --install /home/anne/ros2_ws/build/auv_docking_bringup
