[0.156s] Invoking command in '/home/anne/ros2_ws/build/auv_docking_bringup': CMAKE_PREFIX_PATH=/home/anne/ros2_ws/install/auv_docking:/opt/ros/humble /usr/bin/cmake /home/anne/ros2_ws/src/auv_docking_bringup -DCMAKE_INSTALL_PREFIX=/home/anne/ros2_ws/install/auv_docking_bringup
[0.190s] -- The C compiler identification is GNU 11.4.0
[0.224s] -- The CXX compiler identification is GNU 11.4.0
[0.230s] -- Detecting C compiler ABI info
[0.272s] -- Detecting C compiler ABI info - done
[0.277s] -- Check for working C compiler: /usr/bin/cc - skipped
[0.277s] -- Detecting C compile features
[0.277s] -- Detecting C compile features - done
[0.279s] -- Detecting CXX compiler ABI info
[0.330s] -- Detecting CXX compiler ABI info - done
[0.335s] -- Check for working CXX compiler: /usr/bin/c++ - skipped
[0.335s] -- Detecting CXX compile features
[0.335s] -- Detecting CXX compile features - done
[0.338s] -- Found ament_cmake: 1.3.9 (/opt/ros/humble/share/ament_cmake/cmake)
[0.438s] -- Found Python3: /usr/bin/python3 (found version "3.10.12") found components: Interpreter 
[0.538s] -- Found ament_lint_auto: 0.12.11 (/opt/ros/humble/share/ament_lint_auto/cmake)
[0.590s] -- Added test 'lint_cmake' to check CMake code style
[0.591s] -- Added test 'xmllint' to check XML markup files
[0.591s] -- Configuring done
[0.593s] -- Generating done
[0.593s] -- Build files have been written to: /home/anne/ros2_ws/build/auv_docking_bringup
[0.596s] Invoked command in '/home/anne/ros2_ws/build/auv_docking_bringup' returned '0': CMAKE_PREFIX_PATH=/home/anne/ros2_ws/install/auv_docking:/opt/ros/humble /usr/bin/cmake /home/anne/ros2_ws/src/auv_docking_bringup -DCMAKE_INSTALL_PREFIX=/home/anne/ros2_ws/install/auv_docking_bringup
[0.598s] Invoking command in '/home/anne/ros2_ws/build/auv_docking_bringup': CMAKE_PREFIX_PATH=/home/anne/ros2_ws/install/auv_docking:/opt/ros/humble /usr/bin/cmake --build /home/anne/ros2_ws/build/auv_docking_bringup -- -j8 -l8
[0.625s] Invoked command in '/home/anne/ros2_ws/build/auv_docking_bringup' returned '0': CMAKE_PREFIX_PATH=/home/anne/ros2_ws/install/auv_docking:/opt/ros/humble /usr/bin/cmake --build /home/anne/ros2_ws/build/auv_docking_bringup -- -j8 -l8
[0.650s] Invoking command in '/home/anne/ros2_ws/build/auv_docking_bringup': CMAKE_PREFIX_PATH=/home/anne/ros2_ws/install/auv_docking:/opt/ros/humble /usr/bin/cmake --install /home/anne/ros2_ws/build/auv_docking_bringup
[0.654s] -- Install configuration: ""
[0.654s] -- Installing: /home/anne/ros2_ws/install/auv_docking_bringup/share/ament_index/resource_index/package_run_dependencies/auv_docking_bringup
[0.655s] -- Installing: /home/anne/ros2_ws/install/auv_docking_bringup/share/ament_index/resource_index/parent_prefix_path/auv_docking_bringup
[0.655s] -- Installing: /home/anne/ros2_ws/install/auv_docking_bringup/share/auv_docking_bringup/environment/ament_prefix_path.sh
[0.655s] -- Installing: /home/anne/ros2_ws/install/auv_docking_bringup/share/auv_docking_bringup/environment/ament_prefix_path.dsv
[0.655s] -- Installing: /home/anne/ros2_ws/install/auv_docking_bringup/share/auv_docking_bringup/environment/path.sh
[0.655s] -- Installing: /home/anne/ros2_ws/install/auv_docking_bringup/share/auv_docking_bringup/environment/path.dsv
[0.655s] -- Installing: /home/anne/ros2_ws/install/auv_docking_bringup/share/auv_docking_bringup/local_setup.bash
[0.655s] -- Installing: /home/anne/ros2_ws/install/auv_docking_bringup/share/auv_docking_bringup/local_setup.sh
[0.655s] -- Installing: /home/anne/ros2_ws/install/auv_docking_bringup/share/auv_docking_bringup/local_setup.zsh
[0.655s] -- Installing: /home/anne/ros2_ws/install/auv_docking_bringup/share/auv_docking_bringup/local_setup.dsv
[0.655s] -- Installing: /home/anne/ros2_ws/install/auv_docking_bringup/share/auv_docking_bringup/package.dsv
[0.655s] -- Installing: /home/anne/ros2_ws/install/auv_docking_bringup/share/ament_index/resource_index/packages/auv_docking_bringup
[0.655s] -- Installing: /home/anne/ros2_ws/install/auv_docking_bringup/share/auv_docking_bringup/cmake/auv_docking_bringupConfig.cmake
[0.655s] -- Installing: /home/anne/ros2_ws/install/auv_docking_bringup/share/auv_docking_bringup/cmake/auv_docking_bringupConfig-version.cmake
[0.655s] -- Installing: /home/anne/ros2_ws/install/auv_docking_bringup/share/auv_docking_bringup/package.xml
[0.657s] Invoked command in '/home/anne/ros2_ws/build/auv_docking_bringup' returned '0': CMAKE_PREFIX_PATH=/home/anne/ros2_ws/install/auv_docking:/opt/ros/humble /usr/bin/cmake --install /home/anne/ros2_ws/build/auv_docking_bringup
