/home/anne/ros2_ws/install/auv_docking/lib/python3.10/site-packages/auv_docking/image_handler.py
/home/anne/ros2_ws/install/auv_docking/lib/python3.10/site-packages/auv_docking/camera_handler.py
/home/anne/ros2_ws/install/auv_docking/lib/python3.10/site-packages/auv_docking/test_node.py
/home/anne/ros2_ws/install/auv_docking/lib/python3.10/site-packages/auv_docking/aruco_handler.py
/home/anne/ros2_ws/install/auv_docking/lib/python3.10/site-packages/auv_docking/__init__.py
/home/anne/ros2_ws/install/auv_docking/lib/python3.10/site-packages/auv_docking/camera_node.py
/home/anne/ros2_ws/install/auv_docking/lib/python3.10/site-packages/auv_docking/navigation_node.py
/home/anne/ros2_ws/install/auv_docking/lib/python3.10/site-packages/auv_docking/__pycache__/image_handler.cpython-310.pyc
/home/anne/ros2_ws/install/auv_docking/lib/python3.10/site-packages/auv_docking/__pycache__/camera_handler.cpython-310.pyc
/home/anne/ros2_ws/install/auv_docking/lib/python3.10/site-packages/auv_docking/__pycache__/test_node.cpython-310.pyc
/home/anne/ros2_ws/install/auv_docking/lib/python3.10/site-packages/auv_docking/__pycache__/aruco_handler.cpython-310.pyc
/home/anne/ros2_ws/install/auv_docking/lib/python3.10/site-packages/auv_docking/__pycache__/__init__.cpython-310.pyc
/home/anne/ros2_ws/install/auv_docking/lib/python3.10/site-packages/auv_docking/__pycache__/camera_node.cpython-310.pyc
/home/anne/ros2_ws/install/auv_docking/lib/python3.10/site-packages/auv_docking/__pycache__/navigation_node.cpython-310.pyc
/home/anne/ros2_ws/install/auv_docking/share/ament_index/resource_index/packages/auv_docking
/home/anne/ros2_ws/install/auv_docking/share/auv_docking/package.xml
/home/anne/ros2_ws/install/auv_docking/lib/python3.10/site-packages/auv_docking-0.0.0-py3.10.egg-info/PKG-INFO
/home/anne/ros2_ws/install/auv_docking/lib/python3.10/site-packages/auv_docking-0.0.0-py3.10.egg-info/dependency_links.txt
/home/anne/ros2_ws/install/auv_docking/lib/python3.10/site-packages/auv_docking-0.0.0-py3.10.egg-info/SOURCES.txt
/home/anne/ros2_ws/install/auv_docking/lib/python3.10/site-packages/auv_docking-0.0.0-py3.10.egg-info/top_level.txt
/home/anne/ros2_ws/install/auv_docking/lib/python3.10/site-packages/auv_docking-0.0.0-py3.10.egg-info/requires.txt
/home/anne/ros2_ws/install/auv_docking/lib/python3.10/site-packages/auv_docking-0.0.0-py3.10.egg-info/entry_points.txt
/home/anne/ros2_ws/install/auv_docking/lib/python3.10/site-packages/auv_docking-0.0.0-py3.10.egg-info/zip-safe
/home/anne/ros2_ws/install/auv_docking/lib/auv_docking/aruco_handler
/home/anne/ros2_ws/install/auv_docking/lib/auv_docking/camera_handler
/home/anne/ros2_ws/install/auv_docking/lib/auv_docking/camera_node
/home/anne/ros2_ws/install/auv_docking/lib/auv_docking/image_handler
/home/anne/ros2_ws/install/auv_docking/lib/auv_docking/navigation_node
/home/anne/ros2_ws/install/auv_docking/lib/auv_docking/test_node
