[0.345s] Invoking command in '/home/anne/ros2_ws/build/auv_docking': PYTHONPATH=/home/anne/ros2_ws/build/auv_docking/prefix_override:/home/anne/ros2_ws/install/auv_docking/lib/python3.10/site-packages:${PYTHONPATH} /usr/bin/python3 -W ignore:setup.py install is deprecated setup.py develop --uninstall --editable --build-directory /home/anne/ros2_ws/build/auv_docking/build
[0.491s] running develop
[0.491s] /usr/lib/python3/dist-packages/setuptools/command/easy_install.py:158: EasyInstallDeprecationWarning: easy_install command is deprecated. Use build and pip and other standards-based tools.
[0.491s]   warnings.warn(
[0.579s] Removing /home/anne/ros2_ws/install/auv_docking/lib/python3.10/site-packages/auv-docking.egg-link (link to .)
[0.596s] Invoked command in '/home/anne/ros2_ws/build/auv_docking' returned '0': PYTHONPATH=/home/anne/ros2_ws/build/auv_docking/prefix_override:/home/anne/ros2_ws/install/auv_docking/lib/python3.10/site-packages:${PYTHONPATH} /usr/bin/python3 -W ignore:setup.py install is deprecated setup.py develop --uninstall --editable --build-directory /home/anne/ros2_ws/build/auv_docking/build
[0.597s] Invoking command in '/home/anne/ros2_ws/src/auv_docking': PYTHONPATH=/home/anne/ros2_ws/build/auv_docking/prefix_override:/home/anne/ros2_ws/install/auv_docking/lib/python3.10/site-packages:${PYTHONPATH} /usr/bin/python3 -W ignore:setup.py install is deprecated setup.py egg_info --egg-base ../../build/auv_docking build --build-base /home/anne/ros2_ws/build/auv_docking/build install --record /home/anne/ros2_ws/build/auv_docking/install.log --single-version-externally-managed install_data --force
[0.732s] running egg_info
[0.733s] writing ../../build/auv_docking/auv_docking.egg-info/PKG-INFO
[0.733s] writing dependency_links to ../../build/auv_docking/auv_docking.egg-info/dependency_links.txt
[0.733s] writing entry points to ../../build/auv_docking/auv_docking.egg-info/entry_points.txt
[0.733s] writing requirements to ../../build/auv_docking/auv_docking.egg-info/requires.txt
[0.733s] writing top-level names to ../../build/auv_docking/auv_docking.egg-info/top_level.txt
[0.735s] reading manifest file '../../build/auv_docking/auv_docking.egg-info/SOURCES.txt'
[0.735s] writing manifest file '../../build/auv_docking/auv_docking.egg-info/SOURCES.txt'
[0.735s] running build
[0.735s] running build_py
[0.735s] copying auv_docking/image_handler.py -> /home/anne/ros2_ws/build/auv_docking/build/lib/auv_docking
[0.736s] copying auv_docking/camera_handler.py -> /home/anne/ros2_ws/build/auv_docking/build/lib/auv_docking
[0.736s] copying auv_docking/camera_node.py -> /home/anne/ros2_ws/build/auv_docking/build/lib/auv_docking
[0.736s] running install
[0.736s] running install_lib
[0.737s] creating /home/anne/ros2_ws/install/auv_docking/lib/python3.10/site-packages/auv_docking
[0.737s] copying /home/anne/ros2_ws/build/auv_docking/build/lib/auv_docking/image_handler.py -> /home/anne/ros2_ws/install/auv_docking/lib/python3.10/site-packages/auv_docking
[0.737s] copying /home/anne/ros2_ws/build/auv_docking/build/lib/auv_docking/camera_handler.py -> /home/anne/ros2_ws/install/auv_docking/lib/python3.10/site-packages/auv_docking
[0.737s] copying /home/anne/ros2_ws/build/auv_docking/build/lib/auv_docking/test_node.py -> /home/anne/ros2_ws/install/auv_docking/lib/python3.10/site-packages/auv_docking
[0.737s] copying /home/anne/ros2_ws/build/auv_docking/build/lib/auv_docking/aruco_handler.py -> /home/anne/ros2_ws/install/auv_docking/lib/python3.10/site-packages/auv_docking
[0.737s] copying /home/anne/ros2_ws/build/auv_docking/build/lib/auv_docking/aruco_node.py -> /home/anne/ros2_ws/install/auv_docking/lib/python3.10/site-packages/auv_docking
[0.737s] copying /home/anne/ros2_ws/build/auv_docking/build/lib/auv_docking/__init__.py -> /home/anne/ros2_ws/install/auv_docking/lib/python3.10/site-packages/auv_docking
[0.737s] copying /home/anne/ros2_ws/build/auv_docking/build/lib/auv_docking/camera_node.py -> /home/anne/ros2_ws/install/auv_docking/lib/python3.10/site-packages/auv_docking
[0.737s] copying /home/anne/ros2_ws/build/auv_docking/build/lib/auv_docking/navigation_node.py -> /home/anne/ros2_ws/install/auv_docking/lib/python3.10/site-packages/auv_docking
[0.738s] byte-compiling /home/anne/ros2_ws/install/auv_docking/lib/python3.10/site-packages/auv_docking/image_handler.py to image_handler.cpython-310.pyc
[0.739s] byte-compiling /home/anne/ros2_ws/install/auv_docking/lib/python3.10/site-packages/auv_docking/camera_handler.py to camera_handler.cpython-310.pyc
[0.739s] byte-compiling /home/anne/ros2_ws/install/auv_docking/lib/python3.10/site-packages/auv_docking/test_node.py to test_node.cpython-310.pyc
[0.740s] byte-compiling /home/anne/ros2_ws/install/auv_docking/lib/python3.10/site-packages/auv_docking/aruco_handler.py to aruco_handler.cpython-310.pyc
[0.741s] byte-compiling /home/anne/ros2_ws/install/auv_docking/lib/python3.10/site-packages/auv_docking/aruco_node.py to aruco_node.cpython-310.pyc
[0.742s] byte-compiling /home/anne/ros2_ws/install/auv_docking/lib/python3.10/site-packages/auv_docking/__init__.py to __init__.cpython-310.pyc
[0.742s] byte-compiling /home/anne/ros2_ws/install/auv_docking/lib/python3.10/site-packages/auv_docking/camera_node.py to camera_node.cpython-310.pyc
[0.742s] byte-compiling /home/anne/ros2_ws/install/auv_docking/lib/python3.10/site-packages/auv_docking/navigation_node.py to navigation_node.cpython-310.pyc
[0.742s] running install_data
[0.743s] copying resource/auv_docking -> /home/anne/ros2_ws/install/auv_docking/share/ament_index/resource_index/packages
[0.743s] copying package.xml -> /home/anne/ros2_ws/install/auv_docking/share/auv_docking
[0.743s] running install_egg_info
[0.744s] Copying ../../build/auv_docking/auv_docking.egg-info to /home/anne/ros2_ws/install/auv_docking/lib/python3.10/site-packages/auv_docking-0.0.0-py3.10.egg-info
[0.745s] running install_scripts
[0.758s] Installing aruco_handler script to /home/anne/ros2_ws/install/auv_docking/lib/auv_docking
[0.759s] Installing camera_handler script to /home/anne/ros2_ws/install/auv_docking/lib/auv_docking
[0.759s] Installing camera_node script to /home/anne/ros2_ws/install/auv_docking/lib/auv_docking
[0.759s] Installing image_handler script to /home/anne/ros2_ws/install/auv_docking/lib/auv_docking
[0.759s] Installing navigation_node script to /home/anne/ros2_ws/install/auv_docking/lib/auv_docking
[0.759s] Installing test_node script to /home/anne/ros2_ws/install/auv_docking/lib/auv_docking
[0.759s] writing list of installed files to '/home/anne/ros2_ws/build/auv_docking/install.log'
[0.775s] Invoked command in '/home/anne/ros2_ws/src/auv_docking' returned '0': PYTHONPATH=/home/anne/ros2_ws/build/auv_docking/prefix_override:/home/anne/ros2_ws/install/auv_docking/lib/python3.10/site-packages:${PYTHONPATH} /usr/bin/python3 -W ignore:setup.py install is deprecated setup.py egg_info --egg-base ../../build/auv_docking build --build-base /home/anne/ros2_ws/build/auv_docking/build install --record /home/anne/ros2_ws/build/auv_docking/install.log --single-version-externally-managed install_data --force
