[0.683s] Invoking command in '/home/anne/ros2_ws/src/auv_docking': PYTHONPATH=/home/anne/ros2_ws/build/auv_docking/prefix_override:/home/anne/ros2_ws/install/auv_docking/lib/python3.10/site-packages:${PYTHONPATH} /usr/bin/python3 -W ignore:setup.py install is deprecated setup.py egg_info --egg-base ../../build/auv_docking build --build-base /home/anne/ros2_ws/build/auv_docking/build install --record /home/anne/ros2_ws/build/auv_docking/install.log --single-version-externally-managed install_data
[0.926s] running egg_info
[0.926s] writing ../../build/auv_docking/auv_docking.egg-info/PKG-INFO
[0.933s] writing dependency_links to ../../build/auv_docking/auv_docking.egg-info/dependency_links.txt
[0.933s] writing entry points to ../../build/auv_docking/auv_docking.egg-info/entry_points.txt
[0.934s] writing requirements to ../../build/auv_docking/auv_docking.egg-info/requires.txt
[0.934s] writing top-level names to ../../build/auv_docking/auv_docking.egg-info/top_level.txt
[0.936s] reading manifest file '../../build/auv_docking/auv_docking.egg-info/SOURCES.txt'
[0.937s] writing manifest file '../../build/auv_docking/auv_docking.egg-info/SOURCES.txt'
[0.938s] running build
[0.938s] running build_py
[0.938s] copying auv_docking/test_node.py -> /home/anne/ros2_ws/build/auv_docking/build/lib/auv_docking
[0.938s] copying auv_docking/aruco_node.py -> /home/anne/ros2_ws/build/auv_docking/build/lib/auv_docking
[0.939s] running install
[0.939s] running install_lib
[0.940s] copying /home/anne/ros2_ws/build/auv_docking/build/lib/auv_docking/test_node.py -> /home/anne/ros2_ws/install/auv_docking/lib/python3.10/site-packages/auv_docking
[0.940s] copying /home/anne/ros2_ws/build/auv_docking/build/lib/auv_docking/aruco_node.py -> /home/anne/ros2_ws/install/auv_docking/lib/python3.10/site-packages/auv_docking
[0.941s] byte-compiling /home/anne/ros2_ws/install/auv_docking/lib/python3.10/site-packages/auv_docking/test_node.py to test_node.cpython-310.pyc
[0.942s] byte-compiling /home/anne/ros2_ws/install/auv_docking/lib/python3.10/site-packages/auv_docking/aruco_node.py to aruco_node.cpython-310.pyc
[0.943s] running install_data
[0.943s] running install_egg_info
[0.945s] removing '/home/anne/ros2_ws/install/auv_docking/lib/python3.10/site-packages/auv_docking-0.0.0-py3.10.egg-info' (and everything under it)
[0.946s] Copying ../../build/auv_docking/auv_docking.egg-info to /home/anne/ros2_ws/install/auv_docking/lib/python3.10/site-packages/auv_docking-0.0.0-py3.10.egg-info
[0.947s] running install_scripts
[0.976s] Installing aruco_node script to /home/anne/ros2_ws/install/auv_docking/lib/auv_docking
[0.976s] Installing test_node script to /home/anne/ros2_ws/install/auv_docking/lib/auv_docking
[0.976s] writing list of installed files to '/home/anne/ros2_ws/build/auv_docking/install.log'
[0.998s] Invoked command in '/home/anne/ros2_ws/src/auv_docking' returned '0': PYTHONPATH=/home/anne/ros2_ws/build/auv_docking/prefix_override:/home/anne/ros2_ws/install/auv_docking/lib/python3.10/site-packages:${PYTHONPATH} /usr/bin/python3 -W ignore:setup.py install is deprecated setup.py egg_info --egg-base ../../build/auv_docking build --build-base /home/anne/ros2_ws/build/auv_docking/build install --record /home/anne/ros2_ws/build/auv_docking/install.log --single-version-externally-managed install_data
