running egg_info
writing ../../build/auv_docking/auv_docking.egg-info/PKG-INFO
writing dependency_links to ../../build/auv_docking/auv_docking.egg-info/dependency_links.txt
writing entry points to ../../build/auv_docking/auv_docking.egg-info/entry_points.txt
writing requirements to ../../build/auv_docking/auv_docking.egg-info/requires.txt
writing top-level names to ../../build/auv_docking/auv_docking.egg-info/top_level.txt
reading manifest file '../../build/auv_docking/auv_docking.egg-info/SOURCES.txt'
writing manifest file '../../build/auv_docking/auv_docking.egg-info/SOURCES.txt'
running build
running build_py
running install
running install_lib
running install_data
running install_egg_info
removing '/home/anne/ros2_ws/install/auv_docking/lib/python3.10/site-packages/auv_docking-0.0.0-py3.10.egg-info' (and everything under it)
Copying ../../build/auv_docking/auv_docking.egg-info to /home/anne/ros2_ws/install/auv_docking/lib/python3.10/site-packages/auv_docking-0.0.0-py3.10.egg-info
running install_scripts
Installing aruco_node script to /home/anne/ros2_ws/install/auv_docking/lib/auv_docking
Installing test_node script to /home/anne/ros2_ws/install/auv_docking/lib/auv_docking
writing list of installed files to '/home/anne/ros2_ws/build/auv_docking/install.log'
